<?xml version="1.0" encoding="UTF-8"?>
<!-- Generated by org.testng.reporters.JUnitReportReporter -->
<testsuite skipped="0" hostname="Laptop_Rakesh" name="com.qa.ideapoke.testcases.Testcsaes" tests="1" failures="0" timestamp="17 Jun 2020 09:34:05 GMT" time="25.040" errors="0">
  <testcase name="drop" time="25.040" classname="com.qa.ideapoke.testcases.Testcsaes"/>
</testsuite> <!-- com.qa.ideapoke.testcases.Testcsaes -->
